<?xml version="1.0" encoding="UTF-8"?>
<coverage generated="1594917210385" clover="3.2.0">
  <project timestamp="1594917210385" name="All files">
    <metrics statements="51" coveredstatements="50" conditionals="18" coveredconditionals="17" methods="18" coveredmethods="17" elements="87" coveredelements="84" complexity="0" loc="51" ncloc="51" packages="1" files="1" classes="1"/>
    <file name="lookup-manager.js" path="C:\Users\wangx\playground\discovery-service\src\lookup-manager.js">
      <metrics statements="51" coveredstatements="50" conditionals="18" coveredconditionals="17" methods="18" coveredmethods="17"/>
      <line num="1" count="1" type="stmt"/>
      <line num="2" count="13" type="stmt"/>
      <line num="3" count="13" type="stmt"/>
      <line num="4" count="13" type="stmt"/>
      <line num="5" count="13" type="stmt"/>
      <line num="7" count="13" type="stmt"/>
      <line num="11" count="9" type="stmt"/>
      <line num="12" count="9" type="cond" truecount="2" falsecount="0"/>
      <line num="13" count="9" type="stmt"/>
      <line num="19" count="9" type="stmt"/>
      <line num="20" count="9" type="cond" truecount="2" falsecount="0"/>
      <line num="21" count="9" type="stmt"/>
      <line num="27" count="9" type="stmt"/>
      <line num="28" count="9" type="cond" truecount="2" falsecount="0"/>
      <line num="29" count="9" type="stmt"/>
      <line num="34" count="13" type="stmt"/>
      <line num="58" count="13" type="stmt"/>
      <line num="59" count="1" type="stmt"/>
      <line num="60" count="0" type="stmt"/>
      <line num="64" count="13" type="stmt"/>
      <line num="65" count="5" type="stmt"/>
      <line num="66" count="17" type="stmt"/>
      <line num="67" count="17" type="stmt"/>
      <line num="68" count="17" type="cond" truecount="2" falsecount="0"/>
      <line num="69" count="10" type="stmt"/>
      <line num="70" count="17" type="stmt"/>
      <line num="74" count="13" type="stmt"/>
      <line num="75" count="7" type="stmt"/>
      <line num="76" count="7" type="stmt"/>
      <line num="77" count="21" type="stmt"/>
      <line num="78" count="21" type="cond" truecount="2" falsecount="0"/>
      <line num="80" count="7" type="stmt"/>
      <line num="83" count="13" type="stmt"/>
      <line num="84" count="7" type="stmt"/>
      <line num="85" count="7" type="cond" truecount="2" falsecount="0"/>
      <line num="86" count="7" type="stmt"/>
      <line num="87" count="7" type="stmt"/>
      <line num="91" count="7" type="stmt"/>
      <line num="94" count="13" type="stmt"/>
      <line num="95" count="1" type="stmt"/>
      <line num="96" count="1" type="cond" truecount="3" falsecount="1"/>
      <line num="97" count="1" type="stmt"/>
      <line num="99" count="1" type="stmt"/>
      <line num="102" count="13" type="stmt"/>
      <line num="104" count="13" type="stmt"/>
      <line num="105" count="1" type="stmt"/>
      <line num="106" count="1" type="stmt"/>
      <line num="109" count="13" type="stmt"/>
      <line num="111" count="13" type="cond" truecount="2" falsecount="0"/>
      <line num="113" count="13" type="stmt"/>
      <line num="115" count="13" type="stmt"/>
    </file>
  </project>
</coverage>
