{"C:\\Users\\wangx\\playground\\discovery-service\\src\\lookup-manager.js": {"path":"C:\\Users\\wangx\\playground\\discovery-service\\src\\lookup-manager.js","statementMap":{"0":{"start":{"line":1,"column":0},"end":{"line":125,"column":1}},"1":{"start":{"line":2,"column":26},"end":{"line":2,"column":30}},"2":{"start":{"line":3,"column":26},"end":{"line":3,"column":30}},"3":{"start":{"line":4,"column":20},"end":{"line":4,"column":21}},"4":{"start":{"line":5,"column":17},"end":{"line":5,"column":18}},"5":{"start":{"line":7,"column":19},"end":{"line":32,"column":5}},"6":{"start":{"line":11,"column":24},"end":{"line":11,"column":36}},"7":{"start":{"line":12,"column":16},"end":{"line":12,"column":38}},"8":{"start":{"line":12,"column":25},"end":{"line":12,"column":38}},"9":{"start":{"line":13,"column":16},"end":{"line":13,"column":25}},"10":{"start":{"line":19,"column":24},"end":{"line":19,"column":36}},"11":{"start":{"line":20,"column":16},"end":{"line":20,"column":38}},"12":{"start":{"line":20,"column":25},"end":{"line":20,"column":38}},"13":{"start":{"line":21,"column":16},"end":{"line":21,"column":25}},"14":{"start":{"line":27,"column":24},"end":{"line":27,"column":36}},"15":{"start":{"line":28,"column":16},"end":{"line":28,"column":38}},"16":{"start":{"line":28,"column":25},"end":{"line":28,"column":38}},"17":{"start":{"line":29,"column":16},"end":{"line":29,"column":25}},"18":{"start":{"line":34,"column":18},"end":{"line":56,"column":5}},"19":{"start":{"line":58,"column":26},"end":{"line":62,"column":5}},"20":{"start":{"line":59,"column":8},"end":{"line":61,"column":26}},"21":{"start":{"line":60,"column":12},"end":{"line":60,"column":46}},"22":{"start":{"line":64,"column":24},"end":{"line":72,"column":5}},"23":{"start":{"line":65,"column":8},"end":{"line":71,"column":11}},"24":{"start":{"line":66,"column":20},"end":{"line":66,"column":28}},"25":{"start":{"line":67,"column":23},"end":{"line":67,"column":55}},"26":{"start":{"line":68,"column":12},"end":{"line":69,"column":42}},"27":{"start":{"line":68,"column":39},"end":{"line":68,"column":61}},"28":{"start":{"line":69,"column":17},"end":{"line":69,"column":42}},"29":{"start":{"line":70,"column":12},"end":{"line":70,"column":44}},"30":{"start":{"line":74,"column":23},"end":{"line":81,"column":5}},"31":{"start":{"line":75,"column":20},"end":{"line":75,"column":22}},"32":{"start":{"line":76,"column":8},"end":{"line":79,"column":11}},"33":{"start":{"line":77,"column":25},"end":{"line":77,"column":45}},"34":{"start":{"line":78,"column":12},"end":{"line":78,"column":44}},"35":{"start":{"line":78,"column":27},"end":{"line":78,"column":44}},"36":{"start":{"line":80,"column":8},"end":{"line":80,"column":19}},"37":{"start":{"line":83,"column":16},"end":{"line":92,"column":6}},"38":{"start":{"line":83,"column":28},"end":{"line":92,"column":6}},"39":{"start":{"line":84,"column":21},"end":{"line":84,"column":40}},"40":{"start":{"line":85,"column":8},"end":{"line":85,"column":41}},"41":{"start":{"line":85,"column":26},"end":{"line":85,"column":41}},"42":{"start":{"line":86,"column":39},"end":{"line":86,"column":45}},"43":{"start":{"line":87,"column":8},"end":{"line":90,"column":11}},"44":{"start":{"line":91,"column":8},"end":{"line":91,"column":23}},"45":{"start":{"line":94,"column":19},"end":{"line":100,"column":5}},"46":{"start":{"line":95,"column":28},"end":{"line":95,"column":34}},"47":{"start":{"line":96,"column":8},"end":{"line":98,"column":9}},"48":{"start":{"line":97,"column":12},"end":{"line":97,"column":29}},"49":{"start":{"line":99,"column":8},"end":{"line":99,"column":21}},"50":{"start":{"line":102,"column":24},"end":{"line":102,"column":55}},"51":{"start":{"line":102,"column":30},"end":{"line":102,"column":55}},"52":{"start":{"line":104,"column":24},"end":{"line":107,"column":5}},"53":{"start":{"line":105,"column":8},"end":{"line":105,"column":38}},"54":{"start":{"line":106,"column":8},"end":{"line":106,"column":21}},"55":{"start":{"line":109,"column":22},"end":{"line":109,"column":52}},"56":{"start":{"line":109,"column":28},"end":{"line":109,"column":52}},"57":{"start":{"line":111,"column":20},"end":{"line":111,"column":80}},"58":{"start":{"line":111,"column":28},"end":{"line":111,"column":80}},"59":{"start":{"line":113,"column":22},"end":{"line":113,"column":53}},"60":{"start":{"line":113,"column":28},"end":{"line":113,"column":53}},"61":{"start":{"line":115,"column":4},"end":{"line":124,"column":6}}},"fnMap":{"0":{"name":"(anonymous_0)","decl":{"start":{"line":1,"column":17},"end":{"line":1,"column":18}},"loc":{"start":{"line":1,"column":28},"end":{"line":125,"column":1}},"line":1},"1":{"name":"(anonymous_1)","decl":{"start":{"line":10,"column":22},"end":{"line":10,"column":23}},"loc":{"start":{"line":10,"column":31},"end":{"line":14,"column":13}},"line":10},"2":{"name":"(anonymous_2)","decl":{"start":{"line":18,"column":22},"end":{"line":18,"column":23}},"loc":{"start":{"line":18,"column":31},"end":{"line":22,"column":13}},"line":18},"3":{"name":"(anonymous_3)","decl":{"start":{"line":26,"column":22},"end":{"line":26,"column":23}},"loc":{"start":{"line":26,"column":31},"end":{"line":30,"column":13}},"line":26},"4":{"name":"(anonymous_4)","decl":{"start":{"line":58,"column":26},"end":{"line":58,"column":27}},"loc":{"start":{"line":58,"column":32},"end":{"line":62,"column":5}},"line":58},"5":{"name":"(anonymous_5)","decl":{"start":{"line":59,"column":20},"end":{"line":59,"column":21}},"loc":{"start":{"line":59,"column":26},"end":{"line":61,"column":9}},"line":59},"6":{"name":"(anonymous_6)","decl":{"start":{"line":64,"column":24},"end":{"line":64,"column":25}},"loc":{"start":{"line":64,"column":37},"end":{"line":72,"column":5}},"line":64},"7":{"name":"(anonymous_7)","decl":{"start":{"line":65,"column":35},"end":{"line":65,"column":36}},"loc":{"start":{"line":65,"column":42},"end":{"line":71,"column":9}},"line":65},"8":{"name":"(anonymous_8)","decl":{"start":{"line":74,"column":23},"end":{"line":74,"column":24}},"loc":{"start":{"line":74,"column":30},"end":{"line":81,"column":5}},"line":74},"9":{"name":"(anonymous_9)","decl":{"start":{"line":76,"column":23},"end":{"line":76,"column":24}},"loc":{"start":{"line":76,"column":30},"end":{"line":79,"column":9}},"line":76},"10":{"name":"(anonymous_10)","decl":{"start":{"line":83,"column":16},"end":{"line":83,"column":17}},"loc":{"start":{"line":83,"column":28},"end":{"line":92,"column":6}},"line":83},"11":{"name":"(anonymous_11)","decl":{"start":{"line":83,"column":40},"end":{"line":83,"column":41}},"loc":{"start":{"line":83,"column":61},"end":{"line":92,"column":5}},"line":83},"12":{"name":"(anonymous_12)","decl":{"start":{"line":94,"column":19},"end":{"line":94,"column":20}},"loc":{"start":{"line":94,"column":31},"end":{"line":100,"column":5}},"line":94},"13":{"name":"(anonymous_13)","decl":{"start":{"line":102,"column":24},"end":{"line":102,"column":25}},"loc":{"start":{"line":102,"column":30},"end":{"line":102,"column":55}},"line":102},"14":{"name":"(anonymous_14)","decl":{"start":{"line":104,"column":24},"end":{"line":104,"column":25}},"loc":{"start":{"line":104,"column":30},"end":{"line":107,"column":5}},"line":104},"15":{"name":"(anonymous_15)","decl":{"start":{"line":109,"column":22},"end":{"line":109,"column":23}},"loc":{"start":{"line":109,"column":28},"end":{"line":109,"column":52}},"line":109},"16":{"name":"(anonymous_16)","decl":{"start":{"line":111,"column":20},"end":{"line":111,"column":21}},"loc":{"start":{"line":111,"column":28},"end":{"line":111,"column":80}},"line":111},"17":{"name":"(anonymous_17)","decl":{"start":{"line":113,"column":22},"end":{"line":113,"column":23}},"loc":{"start":{"line":113,"column":28},"end":{"line":113,"column":53}},"line":113}},"branchMap":{"0":{"loc":{"start":{"line":12,"column":16},"end":{"line":12,"column":38}},"type":"if","locations":[{"start":{"line":12,"column":16},"end":{"line":12,"column":38}},{"start":{"line":12,"column":16},"end":{"line":12,"column":38}}],"line":12},"1":{"loc":{"start":{"line":20,"column":16},"end":{"line":20,"column":38}},"type":"if","locations":[{"start":{"line":20,"column":16},"end":{"line":20,"column":38}},{"start":{"line":20,"column":16},"end":{"line":20,"column":38}}],"line":20},"2":{"loc":{"start":{"line":28,"column":16},"end":{"line":28,"column":38}},"type":"if","locations":[{"start":{"line":28,"column":16},"end":{"line":28,"column":38}},{"start":{"line":28,"column":16},"end":{"line":28,"column":38}}],"line":28},"3":{"loc":{"start":{"line":68,"column":12},"end":{"line":69,"column":42}},"type":"if","locations":[{"start":{"line":68,"column":12},"end":{"line":69,"column":42}},{"start":{"line":68,"column":12},"end":{"line":69,"column":42}}],"line":68},"4":{"loc":{"start":{"line":78,"column":12},"end":{"line":78,"column":44}},"type":"if","locations":[{"start":{"line":78,"column":12},"end":{"line":78,"column":44}},{"start":{"line":78,"column":12},"end":{"line":78,"column":44}}],"line":78},"5":{"loc":{"start":{"line":85,"column":8},"end":{"line":85,"column":41}},"type":"if","locations":[{"start":{"line":85,"column":8},"end":{"line":85,"column":41}},{"start":{"line":85,"column":8},"end":{"line":85,"column":41}}],"line":85},"6":{"loc":{"start":{"line":96,"column":8},"end":{"line":98,"column":9}},"type":"if","locations":[{"start":{"line":96,"column":8},"end":{"line":98,"column":9}},{"start":{"line":96,"column":8},"end":{"line":98,"column":9}}],"line":96},"7":{"loc":{"start":{"line":96,"column":11},"end":{"line":96,"column":47}},"type":"binary-expr","locations":[{"start":{"line":96,"column":11},"end":{"line":96,"column":20}},{"start":{"line":96,"column":24},"end":{"line":96,"column":47}}],"line":96},"8":{"loc":{"start":{"line":111,"column":28},"end":{"line":111,"column":80}},"type":"cond-expr","locations":[{"start":{"line":111,"column":40},"end":{"line":111,"column":68}},{"start":{"line":111,"column":71},"end":{"line":111,"column":80}}],"line":111}},"s":{"0":1,"1":13,"2":13,"3":13,"4":13,"5":13,"6":9,"7":9,"8":2,"9":9,"10":9,"11":9,"12":2,"13":9,"14":9,"15":9,"16":2,"17":9,"18":13,"19":13,"20":1,"21":0,"22":13,"23":5,"24":17,"25":17,"26":17,"27":7,"28":10,"29":17,"30":13,"31":7,"32":7,"33":21,"34":21,"35":3,"36":7,"37":13,"38":7,"39":7,"40":7,"41":3,"42":7,"43":7,"44":7,"45":13,"46":1,"47":1,"48":1,"49":1,"50":13,"51":1,"52":13,"53":1,"54":1,"55":13,"56":1,"57":13,"58":8,"59":13,"60":1,"61":13},"f":{"0":13,"1":9,"2":9,"3":9,"4":1,"5":0,"6":5,"7":17,"8":7,"9":21,"10":7,"11":7,"12":1,"13":1,"14":1,"15":1,"16":8,"17":1},"b":{"0":[2,7],"1":[2,7],"2":[2,7],"3":[7,10],"4":[3,18],"5":[3,4],"6":[1,0],"7":[1,1],"8":[7,1]},"_coverageSchema":"1a1c01bbd47fc00a2c39e90264f33305004495a9","hash":"5e394271ae6af8bbc6e1afa7742f7d152b9b6b6f"}
}
