TN:
SF:src\lookup-manager.js
FN:1,(anonymous_0)
FN:10,(anonymous_1)
FN:18,(anonymous_2)
FN:26,(anonymous_3)
FN:58,(anonymous_4)
FN:59,(anonymous_5)
FN:64,(anonymous_6)
FN:65,(anonymous_7)
FN:74,(anonymous_8)
FN:76,(anonymous_9)
FN:83,(anonymous_10)
FN:83,(anonymous_11)
FN:94,(anonymous_12)
FN:102,(anonymous_13)
FN:104,(anonymous_14)
FN:109,(anonymous_15)
FN:111,(anonymous_16)
FN:113,(anonymous_17)
FNF:18
FNH:17
FNDA:13,(anonymous_0)
FNDA:9,(anonymous_1)
FNDA:9,(anonymous_2)
FNDA:9,(anonymous_3)
FNDA:1,(anonymous_4)
FNDA:0,(anonymous_5)
FNDA:5,(anonymous_6)
FNDA:17,(anonymous_7)
FNDA:7,(anonymous_8)
FNDA:21,(anonymous_9)
FNDA:7,(anonymous_10)
FNDA:7,(anonymous_11)
FNDA:1,(anonymous_12)
FNDA:1,(anonymous_13)
FNDA:1,(anonymous_14)
FNDA:1,(anonymous_15)
FNDA:8,(anonymous_16)
FNDA:1,(anonymous_17)
DA:1,1
DA:2,13
DA:3,13
DA:4,13
DA:5,13
DA:7,13
DA:11,9
DA:12,9
DA:13,9
DA:19,9
DA:20,9
DA:21,9
DA:27,9
DA:28,9
DA:29,9
DA:34,13
DA:58,13
DA:59,1
DA:60,0
DA:64,13
DA:65,5
DA:66,17
DA:67,17
DA:68,17
DA:69,10
DA:70,17
DA:74,13
DA:75,7
DA:76,7
DA:77,21
DA:78,21
DA:80,7
DA:83,13
DA:84,7
DA:85,7
DA:86,7
DA:87,7
DA:91,7
DA:94,13
DA:95,1
DA:96,1
DA:97,1
DA:99,1
DA:102,13
DA:104,13
DA:105,1
DA:106,1
DA:109,13
DA:111,13
DA:113,13
DA:115,13
LF:51
LH:50
BRDA:12,0,0,2
BRDA:12,0,1,7
BRDA:20,1,0,2
BRDA:20,1,1,7
BRDA:28,2,0,2
BRDA:28,2,1,7
BRDA:68,3,0,7
BRDA:68,3,1,10
BRDA:78,4,0,3
BRDA:78,4,1,18
BRDA:85,5,0,3
BRDA:85,5,1,4
BRDA:96,6,0,1
BRDA:96,6,1,0
BRDA:96,7,0,1
BRDA:96,7,1,1
BRDA:111,8,0,7
BRDA:111,8,1,1
BRF:18
BRH:17
end_of_record
